<?xml version="1.0" encoding="UTF-8"?>
<testsuite xmlns:xsi="http://www.w3.org/2001/XMLSchema-instance" xsi:noNamespaceSchemaLocation="https://maven.apache.org/surefire/maven-surefire-plugin/xsd/surefire-test-report.xsd" name="TestSuite" time="96.274" tests="6" errors="0" skipped="0" failures="0">
  <properties>
[...]
</properties>
  <testcase name="isChecked" classname="com.digital.ui.pages.elements.CheckBoxTest" time="23.328"/>
  <testcase name="yes" classname="com.digital.ui.pages.elements.RadioButtonTest" time="2.333"/>
  <testcase name="impressive" classname="com.digital.ui.pages.elements.RadioButtonTest" time="0.25"/>
  <testcase name="fillFullName" classname="com.digital.ui.pages.elements.TextBoxTest" time="1.919"/>
  <testcase name="addUser1" classname="com.digital.ui.pages.elements.WebTablesTest" time="7.562"/>
  <testcase name="addUser2" classname="com.digital.ui.pages.elements.WebTablesTest" time="2.953"/>
</testsuite>